<?xml version="1.0" encoding="UTF-8"?>
<testng-results ignored="0" total="1" passed="1" failed="0" skipped="0">
  <reporter-output>
  </reporter-output>
  <suite started-at="2024-05-06T16:50:06 IST" name="Default suite" finished-at="2024-05-06T16:50:06 IST" duration-ms="99">
    <groups>
    </groups>
    <test started-at="2024-05-06T16:50:06 IST" name="Default test" finished-at="2024-05-06T16:50:06 IST" duration-ms="99">
      <class name="Base.BaseClassTest">
        <test-method signature="test()[pri:0, instance:Base.BaseClassTest@15c43bd9]" started-at="2024-05-06T16:50:06 IST" name="test" finished-at="2024-05-06T16:50:06 IST" duration-ms="16" status="PASS">
          <reporter-output>
          </reporter-output>
        </test-method> <!-- test -->
      </class> <!-- Base.BaseClassTest -->
    </test> <!-- Default test -->
  </suite> <!-- Default suite -->
</testng-results>
