<?xml version="1.0" encoding="UTF-8"?>
<testng-results ignored="0" total="1" passed="1" failed="0" skipped="0">
  <reporter-output>
  </reporter-output>
  <suite started-at="2024-05-06T14:29:32 IST" name="Suite" finished-at="2024-05-06T14:29:33 IST" duration-ms="73">
    <groups>
    </groups>
    <test started-at="2024-05-06T14:29:32 IST" name="Test" finished-at="2024-05-06T14:29:33 IST" duration-ms="73">
      <class name="Base.BaseClass">
        <test-method is-config="true" signature="launchApplication(java.lang.String)[pri:0, instance:Base.BaseClass@6c80d78a]" started-at="2024-05-06T14:29:32 IST" name="launchApplication" finished-at="2024-05-06T14:29:33 IST" duration-ms="14" status="PASS">
          <params>
            <param index="0">
              <value>
                <![CDATA[Chrome]]>
              </value>
            </param>
          </params>
          <reporter-output>
          </reporter-output>
        </test-method> <!-- launchApplication -->
        <test-method signature="test()[pri:0, instance:Base.BaseClass@6c80d78a]" started-at="2024-05-06T14:29:33 IST" name="test" finished-at="2024-05-06T14:29:33 IST" duration-ms="7" status="PASS">
          <reporter-output>
          </reporter-output>
        </test-method> <!-- test -->
      </class> <!-- Base.BaseClass -->
    </test> <!-- Test -->
  </suite> <!-- Suite -->
</testng-results>
